2026-06-12T19:32:18|START|scan-project
2026-06-12T19:32:18|END|scan-project|rc=0
2026-06-12T19:32:18|START|build-rag
2026-06-12T19:32:46|END|build-rag|rc=0
2026-06-12T19:32:46|START|plan-agents
2026-06-12T19:32:46|END|plan-agents|rc=0
2026-06-12T19:32:46|START|generate-backlog
2026-06-12T19:32:47|END|generate-backlog|rc=0
2026-06-12T19:32:47|START|audit-governance
2026-06-12T19:32:47|END|audit-governance|rc=1
2026-06-12T19:32:47|START|sync-github-project
2026-06-12T19:32:47|END|sync-github-project|rc=1
2026-06-12T19:36:16|START|scan-project
2026-06-12T19:36:16|END|scan-project|rc=0
2026-06-12T19:36:16|START|build-rag
2026-06-12T19:36:43|END|build-rag|rc=0
2026-06-12T19:36:43|START|plan-agents
2026-06-12T19:36:43|END|plan-agents|rc=0
2026-06-12T19:36:43|START|generate-backlog
2026-06-12T19:36:43|END|generate-backlog|rc=0
2026-06-12T19:36:43|START|audit-governance
2026-06-12T19:36:43|END|audit-governance|rc=1
2026-06-12T19:36:43|START|sync-github-project
2026-06-12T19:36:44|END|sync-github-project|rc=1
2026-06-12T19:51:15|START|scan-project
2026-06-12T19:51:15|END|scan-project|rc=0
2026-06-12T19:51:15|START|build-rag
2026-06-12T19:51:41|END|build-rag|rc=0
2026-06-12T19:51:41|START|plan-agents
2026-06-12T19:51:41|END|plan-agents|rc=0
2026-06-12T19:51:41|START|generate-backlog
2026-06-12T19:51:41|END|generate-backlog|rc=0
2026-06-12T19:51:41|START|audit-governance
2026-06-12T19:51:41|END|audit-governance|rc=1
2026-06-12T19:51:41|START|sync-github-project
2026-06-12T19:51:42|END|sync-github-project|rc=1
